I1       1000          249675            2419 0.002 random list
I1       2000         1018879            8693 0.009 random list
I1       3000         2238906           14689 0.015 random list
I1       4000         3996862           17133 0.017 random list
I1       5000         6273371           25349 0.025 random list
I1       6000         9033342           35015 0.035 random list
I1       7000        12281761           47266 0.047 random list
I1       8000        15982250           60100 0.060 random list
I1       9000        20272250           75228 0.075 random list
I1      10000        25049539           92853 0.093 random list
I1      11000        30373276          111682 0.112 random list
I1      12000        36258339          138206 0.138 random list
I1      13000        42397499          154551 0.155 random list
I1      14000        49229969          184025 0.184 random list
I1      15000        56444364          223081 0.223 random list
I1      16000        64343047          238061 0.238 random list
I1      17000        72627189          262984 0.263 random list
I1      18000        81484099          292372 0.292 random list
I1      19000        90052417          325657 0.326 random list
I1      20000        99745752          359042 0.359 random list
I1      21000       110042469          402831 0.403 random list
I1      22000       121069262          468691 0.469 random list
I1      23000       132470055          480448 0.480 random list
I1      24000       143875477          524129 0.524 random list
I1      25000       156530483          644672 0.645 random list
I1      26000       170137410          643150 0.643 random list
I1      27000       182388185          689706 0.690 random list
I1      28000       196364779          760424 0.760 random list
I1      29000       210100704          796735 0.797 random list
I1      30000       225544955          827428 0.827 random list
I1      31000       239044285          860986 0.861 random list
I1      32000       253458825          914413 0.914 random list
I1      33000       269216032          971637 0.972 random list
I1      34000       289298002         1045167 1.045 random list
I1      35000       306542383         1115336 1.115 random list
I1      36000       323488839         1235975 1.236 random list
I1      37000       340886912         1284898 1.285 random list
I1      38000       360148162         1372311 1.372 random list
I1      39000       382777812         1467999 1.468 random list
I1      40000       400845182         1467124 1.467 random list
I1      41000       418506739         1513114 1.513 random list
I1      42000       441561617         1581785 1.582 random list
I1      43000       461545733         1724763 1.725 random list
I1      44000       482671675         1819680 1.820 random list
I1      45000       504449346         1883117 1.883 random list
I1      46000       531153178         1959918 1.960 random list
I1      47000       554366179         2065642 2.066 random list
I1      48000       575633429         2147242 2.147 random list
I1      49000       597584228         2240618 2.241 random list
I1      50000       625636806         2255786 2.256 random list
