R1       1000               0             392 0.000 increasing list
R1       2000               0             990 0.001 increasing list
R1       3000               0            1506 0.002 increasing list
R1       4000               0            1748 0.002 increasing list
R1       5000               0            2747 0.003 increasing list
R1       6000               0            3203 0.003 increasing list
R1       7000               0            3082 0.003 increasing list
R1       8000               0            3468 0.003 increasing list
R1       9000               0            3898 0.004 increasing list
R1      10000               0            4344 0.004 increasing list
R1      11000               0            5913 0.006 increasing list
R1      12000               0            7840 0.008 increasing list
R1      13000               0            6960 0.007 increasing list
R1      14000               0            7622 0.008 increasing list
R1      15000               0            8028 0.008 increasing list
R1      16000               0            9836 0.010 increasing list
R1      17000               0            9377 0.009 increasing list
R1      18000               0            9688 0.010 increasing list
R1      19000               0           11344 0.011 increasing list
R1      20000               0           10811 0.011 increasing list
R1      21000               0           11440 0.011 increasing list
R1      22000               0           13085 0.013 increasing list
R1      23000               0           12305 0.012 increasing list
R1      24000               0           14655 0.015 increasing list
R1      25000               0           13445 0.013 increasing list
R1      26000               0           15639 0.016 increasing list
R1      27000               0           14491 0.014 increasing list
R1      28000               0           15329 0.015 increasing list
R1      29000               0           15876 0.016 increasing list
R1      30000               0           17647 0.018 increasing list
R1      31000               0           17072 0.017 increasing list
R1      32000               0           20426 0.020 increasing list
R1      33000               0           18444 0.018 increasing list
R1      34000               0           18521 0.019 increasing list
R1      35000               0           20182 0.020 increasing list
R1      36000               0           20334 0.020 increasing list
R1      37000               0           20514 0.021 increasing list
R1      38000               0           22518 0.023 increasing list
R1      39000               0           22275 0.022 increasing list
R1      40000               0           21939 0.022 increasing list
R1      41000               0           23986 0.024 increasing list
R1      42000               0           24389 0.024 increasing list
R1      43000               0           23083 0.023 increasing list
R1      44000               0           24440 0.024 increasing list
R1      45000               0           25733 0.026 increasing list
R1      46000               0           25974 0.026 increasing list
R1      47000               0           25653 0.026 increasing list
R1      48000               0           25913 0.026 increasing list
R1      49000               0           26672 0.027 increasing list
R1      50000               0           27924 0.028 increasing list
