Q1       1000          499500            4967 0.005 increasing list
Q1       2000         1999000           16424 0.016 increasing list
Q1       3000         4498500           24565 0.025 increasing list
Q1       4000         7998000           26576 0.027 increasing list
Q1       5000        12497500           38721 0.039 increasing list
Q1       6000        17997000           54352 0.054 increasing list
Q1       7000        24496500           73902 0.074 increasing list
Q1       8000        31996000          101417 0.101 increasing list
Q1       9000        40495500          120075 0.120 increasing list
Q1      10000        49995000          146985 0.147 increasing list
Q1      11000        60494500          178551 0.179 increasing list
Q1      12000        71994000          210724 0.211 increasing list
Q1      13000        84493500          249399 0.249 increasing list
Q1      14000        97993000          303692 0.304 increasing list
Q1      15000       112492500          332083 0.332 increasing list
Q1      16000       127992000          373858 0.374 increasing list
Q1      17000       144491500          423057 0.423 increasing list
Q1      18000       161991000          507977 0.508 increasing list
Q1      19000       180490500          531450 0.531 increasing list
Q1      20000       199990000          583434 0.583 increasing list
Q1      21000       220489500          636011 0.636 increasing list
Q1      22000       241989000          745935 0.746 increasing list
Q1      23000       264488500          781492 0.781 increasing list
Q1      24000       287988000          886682 0.887 increasing list
Q1      25000       312487500          967200 0.967 increasing list
Q1      26000       337987000          996125 0.996 increasing list
Q1      27000       364486500         1100083 1.100 increasing list
Q1      28000       391986000         1175716 1.176 increasing list
Q1      29000       420485500         1257997 1.258 increasing list
Q1      30000       449985000         1331515 1.332 increasing list
Q1      31000       480484500         1433702 1.434 increasing list
Q1      32000       511984000         1524053 1.524 increasing list
Q1      33000       544483500         1617356 1.617 increasing list
Q1      34000       577983000         1730448 1.730 increasing list
Q1      35000       612482500         1839599 1.840 increasing list
Q1      36000       647982000         1925247 1.925 increasing list
Q1      37000       684481500         1975968 1.976 increasing list
Q1      38000       721981000         2069141 2.069 increasing list
Q1      39000       760480500         2257257 2.257 increasing list
Q1      40000       799980000         2383294 2.383 increasing list
Q1      41000       840479500         2526759 2.527 increasing list
Q1      42000       881979000         2629189 2.629 increasing list
Q1      43000       924478500         2752168 2.752 increasing list
Q1      44000       967978000         2892160 2.892 increasing list
Q1      45000      1012477500         3028722 3.029 increasing list
Q1      46000      1057977000         3119060 3.119 increasing list
Q1      47000      1104476500         3184095 3.184 increasing list
Q1      48000      1151976000         3410666 3.411 increasing list
Q1      49000      1200475500         3484769 3.485 increasing list
Q1      50000      1249975000         3615531 3.616 increasing list
