Q3       1000            7987             168 0.000 increasing list
Q3       2000           17964             448 0.000 increasing list
Q3       3000           28917             757 0.001 increasing list
Q3       4000           39917             958 0.001 increasing list
Q3       5000           51822            1224 0.001 increasing list
Q3       6000           63822            1472 0.001 increasing list
Q3       7000           75822            1269 0.001 increasing list
Q3       8000           87822            1635 0.002 increasing list
Q3       9000          100631            1614 0.002 increasing list
Q3      10000          113631            1830 0.002 increasing list
Q3      11000          126631            2150 0.002 increasing list
Q3      12000          139631            2717 0.003 increasing list
Q3      13000          152631            2847 0.003 increasing list
Q3      14000          165631            2736 0.003 increasing list
Q3      15000          178631            2780 0.003 increasing list
Q3      16000          191631            2938 0.003 increasing list
Q3      17000          205248            3115 0.003 increasing list
Q3      18000          219248            3377 0.003 increasing list
Q3      19000          233248            3638 0.004 increasing list
Q3      20000          247248            3916 0.004 increasing list
Q3      21000          261248            4305 0.004 increasing list
Q3      22000          275248            4413 0.004 increasing list
Q3      23000          289248            4644 0.005 increasing list
Q3      24000          303248            4869 0.005 increasing list
Q3      25000          317248            5083 0.005 increasing list
Q3      26000          331248            5345 0.005 increasing list
Q3      27000          345248            5765 0.006 increasing list
Q3      28000          359248            5604 0.006 increasing list
Q3      29000          373248            5784 0.006 increasing list
Q3      30000          387248            5911 0.006 increasing list
Q3      31000          401248            6687 0.007 increasing list
Q3      32000          415248            6489 0.006 increasing list
Q3      33000          429481            6582 0.007 increasing list
Q3      34000          444481            6673 0.007 increasing list
Q3      35000          459481            7405 0.007 increasing list
Q3      36000          474481            7223 0.007 increasing list
Q3      37000          489481            7608 0.008 increasing list
Q3      38000          504481            7883 0.008 increasing list
Q3      39000          519481            8456 0.008 increasing list
Q3      40000          534481            9065 0.009 increasing list
Q3      41000          549481            8539 0.009 increasing list
Q3      42000          564481           10008 0.010 increasing list
Q3      43000          579481            9328 0.009 increasing list
Q3      44000          594481            9515 0.010 increasing list
Q3      45000          609481           10169 0.010 increasing list
Q3      46000          624481           10006 0.010 increasing list
Q3      47000          639481           10355 0.010 increasing list
Q3      48000          654481           12275 0.012 increasing list
Q3      49000          669481           10746 0.011 increasing list
Q3      50000          684481           11674 0.012 increasing list
