S1       1000          501500            5447 0.005 decreasing list
S1       2000         2003000           18677 0.019 decreasing list
S1       3000         4504500           33412 0.033 decreasing list
S1       4000         8006000           58996 0.059 decreasing list
S1       5000        12507500           89835 0.090 decreasing list
S1       6000        18009000          129381 0.129 decreasing list
S1       7000        24510500          176861 0.177 decreasing list
S1       8000        32012000          230498 0.230 decreasing list
S1       9000        40513500          290127 0.290 decreasing list
S1      10000        50015000          362659 0.363 decreasing list
S1      11000        60516500          440592 0.441 decreasing list
S1      12000        72018000          514053 0.514 decreasing list
S1      13000        84519500          614071 0.614 decreasing list
S1      14000        98021000          706819 0.707 decreasing list
S1      15000       112522500          818982 0.819 decreasing list
S1      16000       128024000          925791 0.926 decreasing list
S1      17000       144525500         1040543 1.041 decreasing list
S1      18000       162027000         1166678 1.167 decreasing list
S1      19000       180528500         1297262 1.297 decreasing list
S1      20000       200030000         1439067 1.439 decreasing list
S1      21000       220531500         1583302 1.583 decreasing list
S1      22000       242033000         1724105 1.724 decreasing list
S1      23000       264534500         1903578 1.904 decreasing list
S1      24000       288036000         2065851 2.066 decreasing list
S1      25000       312537500         2227509 2.228 decreasing list
S1      26000       338039000         2406284 2.406 decreasing list
S1      27000       364540500         2591271 2.591 decreasing list
S1      28000       392042000         2790028 2.790 decreasing list
S1      29000       420543500         3000867 3.001 decreasing list
S1      30000       450045000         3224066 3.224 decreasing list
S1      31000       480546500         3452834 3.453 decreasing list
S1      32000       512048000         3646523 3.647 decreasing list
S1      33000       544549500         3884110 3.884 decreasing list
S1      34000       578051000         4172774 4.173 decreasing list
S1      35000       612552500         4365928 4.366 decreasing list
S1      36000       648054000         4664369 4.664 decreasing list
S1      37000       684555500         4943014 4.943 decreasing list
S1      38000       722057000         5140528 5.141 decreasing list
S1      39000       760558500         5403784 5.404 decreasing list
S1      40000       800060000         5691212 5.691 decreasing list
S1      41000       840561500         6041568 6.042 decreasing list
S1      42000       882063000         6335432 6.335 decreasing list
S1      43000       924564500         6662309 6.662 decreasing list
S1      44000       968066000         6927741 6.928 decreasing list
S1      45000      1012567500         7203733 7.204 decreasing list
S1      46000      1058069000         7735076 7.735 decreasing list
S1      47000      1104570500         7974326 7.974 decreasing list
S1      48000      1152072000         8366245 8.366 decreasing list
S1      49000      1200573500         8640001 8.640 decreasing list
S1      50000      1250075000         9009704 9.010 decreasing list
