R1       1000               0            1305 0.001 random list
R1       2000               0            2621 0.003 random list
R1       3000               0            3883 0.004 random list
R1       4000               0            6290 0.006 random list
R1       5000               0            6470 0.006 random list
R1       6000               0            8672 0.009 random list
R1       7000               0            8974 0.009 random list
R1       8000               0           10356 0.010 random list
R1       9000               0           12802 0.013 random list
R1      10000               0           12868 0.013 random list
R1      11000               0           15543 0.016 random list
R1      12000               0           15443 0.015 random list
R1      13000               0           17535 0.018 random list
R1      14000               0           17865 0.018 random list
R1      15000               0           19495 0.019 random list
R1      16000               0           20400 0.020 random list
R1      17000               0           22151 0.022 random list
R1      18000               0           24574 0.025 random list
R1      19000               0           25580 0.026 random list
R1      20000               0           26662 0.027 random list
R1      21000               0           27968 0.028 random list
R1      22000               0           28822 0.029 random list
R1      23000               0           30072 0.030 random list
R1      24000               0           31555 0.032 random list
R1      25000               0           34243 0.034 random list
R1      26000               0           36273 0.036 random list
R1      27000               0           36333 0.036 random list
R1      28000               0           36001 0.036 random list
R1      29000               0           38068 0.038 random list
R1      30000               0           39190 0.039 random list
R1      31000               0           41325 0.041 random list
R1      32000               0           41890 0.042 random list
R1      33000               0           43079 0.043 random list
R1      34000               0           44463 0.044 random list
R1      35000               0           46321 0.046 random list
R1      36000               0           46226 0.046 random list
R1      37000               0           49023 0.049 random list
R1      38000               0           49645 0.050 random list
R1      39000               0           51308 0.051 random list
R1      40000               0           54018 0.054 random list
R1      41000               0           54632 0.055 random list
R1      42000               0           56050 0.056 random list
R1      43000               0           57714 0.058 random list
R1      44000               0           57790 0.058 random list
R1      45000               0           59691 0.060 random list
R1      46000               0           63196 0.063 random list
R1      47000               0           63084 0.063 random list
R1      48000               0           64361 0.064 random list
R1      49000               0           66230 0.066 random list
R1      50000               0           65921 0.066 random list
