B1       1000           27919             400 0.000 random list
B1       2000          104376            1465 0.001 random list
B1       3000          232380            3322 0.003 random list
B1       4000          414365            6795 0.007 random list
B1       5000          638133            9982 0.010 random list
B1       6000          917385           14989 0.015 random list
B1       7000         1251506           22127 0.022 random list
B1       8000         1626810           30341 0.030 random list
B1       9000         2051503           42975 0.043 random list
B1      10000         2523798           50764 0.051 random list
B1      11000         3041686           64521 0.065 random list
B1      12000         3644356           80680 0.081 random list
B1      13000         4273907           96286 0.096 random list
B1      14000         4976625          112712 0.113 random list
B1      15000         5699778          133848 0.134 random list
B1      16000         6398550          155809 0.156 random list
B1      17000         7214501          196829 0.197 random list
B1      18000         8107100          204131 0.204 random list
B1      19000         9033783          230748 0.231 random list
B1      20000        10011025          260480 0.260 random list
B1      21000        11223367          304869 0.305 random list
B1      22000        12290137          368362 0.368 random list
B1      23000        13401553          396472 0.396 random list
B1      24000        14413654          400858 0.401 random list
B1      25000        15647878          507072 0.507 random list
B1      26000        17045472          548619 0.549 random list
B1      27000        18357082          645714 0.646 random list
B1      28000        19684973          593898 0.594 random list
B1      29000        21132959          666367 0.666 random list
B1      30000        22592079          733051 0.733 random list
B1      31000        24192332          789287 0.789 random list
B1      32000        25823885          865902 0.866 random list
B1      33000        27326108          913799 0.914 random list
B1      34000        28985525          958669 0.959 random list
B1      35000        30599867         1026869 1.027 random list
B1      36000        32605026         1114667 1.115 random list
B1      37000        34498524         1182530 1.183 random list
B1      38000        36054564         1233304 1.233 random list
B1      39000        38334643         1341391 1.341 random list
B1      40000        40087310         1412139 1.412 random list
B1      41000        42243553         1534015 1.534 random list
B1      42000        44137349         1532535 1.533 random list
B1      43000        46059409         1657755 1.658 random list
B1      44000        48311936         1800347 1.800 random list
B1      45000        50980916         1901850 1.902 random list
B1      46000        52915196         1963607 1.964 random list
B1      47000        55147159         1912916 1.913 random list
B1      48000        57819500         2035637 2.036 random list
B1      49000        60219219         2218076 2.218 random list
B1      50000        62761769         2362205 2.362 random list
