Q1       1000          499500            7858 0.008 decreasing list
Q1       2000         1999000           21976 0.022 decreasing list
Q1       3000         4498500           27324 0.027 decreasing list
Q1       4000         7998000           47753 0.048 decreasing list
Q1       5000        12497500           72634 0.073 decreasing list
Q1       6000        17997000          103086 0.103 decreasing list
Q1       7000        24496500          140247 0.140 decreasing list
Q1       8000        31996000          182400 0.182 decreasing list
Q1       9000        40495500          229173 0.229 decreasing list
Q1      10000        49995000          281944 0.282 decreasing list
Q1      11000        60494500          361358 0.361 decreasing list
Q1      12000        71994000          406077 0.406 decreasing list
Q1      13000        84493500          474130 0.474 decreasing list
Q1      14000        97993000          578881 0.579 decreasing list
Q1      15000       112492500          674933 0.675 decreasing list
Q1      16000       127992000          723707 0.724 decreasing list
Q1      17000       144491500          830959 0.831 decreasing list
Q1      18000       161991000          905717 0.906 decreasing list
Q1      19000       180490500         1066479 1.066 decreasing list
Q1      20000       199990000         1180669 1.181 decreasing list
Q1      21000       220489500         1285335 1.285 decreasing list
Q1      22000       241989000         1402073 1.402 decreasing list
Q1      23000       264488500         1515602 1.516 decreasing list
Q1      24000       287988000         1650713 1.651 decreasing list
Q1      25000       312487500         1766830 1.767 decreasing list
Q1      26000       337987000         1876916 1.877 decreasing list
Q1      27000       364486500         2036972 2.037 decreasing list
Q1      28000       391986000         2258659 2.259 decreasing list
Q1      29000       420485500         2434149 2.434 decreasing list
Q1      30000       449985000         2566016 2.566 decreasing list
Q1      31000       480484500         2674596 2.675 decreasing list
Q1      32000       511984000         2841078 2.841 decreasing list
Q1      33000       544483500         3019516 3.020 decreasing list
Q1      34000       577983000         3211126 3.211 decreasing list
Q1      35000       612482500         3402182 3.402 decreasing list
Q1      36000       647982000         3611651 3.612 decreasing list
Q1      37000       684481500         3805640 3.806 decreasing list
Q1      38000       721981000         4045333 4.045 decreasing list
Q1      39000       760480500         4244604 4.245 decreasing list
Q1      40000       799980000         4500502 4.501 decreasing list
Q1      41000       840479500         4740231 4.740 decreasing list
Q1      42000       881979000         4923955 4.924 decreasing list
Q1      43000       924478500         5169775 5.170 decreasing list
Q1      44000       967978000         5653109 5.653 decreasing list
Q1      45000      1012477500         5684456 5.684 decreasing list
Q1      46000      1057977000         5967316 5.967 decreasing list
Q1      47000      1104476500         6182212 6.182 decreasing list
Q1      48000      1151976000         6409081 6.409 decreasing list
Q1      49000      1200475500         6764593 6.765 decreasing list
Q1      50000      1249975000         7164232 7.164 decreasing list
