M1       1000            4932             146 0.000 decreasing list
M1       2000           10864             304 0.000 decreasing list
M1       3000           16828             640 0.001 decreasing list
M1       4000           23728             730 0.001 decreasing list
M1       5000           29804             798 0.001 decreasing list
M1       6000           36656             910 0.001 decreasing list
M1       7000           43628            1012 0.001 decreasing list
M1       8000           51456            1110 0.001 decreasing list
M1       9000           57820            1124 0.001 decreasing list
M1      10000           64608            1128 0.001 decreasing list
M1      11000           71604            1177 0.001 decreasing list
M1      12000           79312            1303 0.001 decreasing list
M1      13000           86580            1399 0.001 decreasing list
M1      14000           94256            1415 0.002 decreasing list
M1      15000          102252            1444 0.002 decreasing list
M1      16000          110912            1493 0.002 decreasing list
M1      17000          118044            1562 0.002 decreasing list
M1      18000          124640            1573 0.002 decreasing list
M1      19000          131652            1527 0.002 decreasing list
M1      20000          139216            1515 0.001 decreasing list
M1      21000          146724            1579 0.001 decreasing list
M1      22000          154208            1565 0.002 decreasing list
M1      23000          162180            1627 0.002 decreasing list
M1      24000          170624            1736 0.002 decreasing list
M1      25000          178756            1789 0.002 decreasing list
M1      26000          186160            1852 0.002 decreasing list
M1      27000          194164            2011 0.003 decreasing list
M1      28000          202512            2031 0.003 decreasing list
M1      29000          211188            2178 0.002 decreasing list
M1      30000          219504            2182 0.002 decreasing list
M1      31000          228524            2250 0.002 decreasing list
M1      32000          237824            2324 0.002 decreasing list
M1      33000          246876            2320 0.002 decreasing list
M1      34000          253088            2484 0.002 decreasing list
M1      35000          260100            2555 0.003 decreasing list
M1      36000          267280            2640 0.004 decreasing list
M1      37000          275172            2720 0.003 decreasing list
M1      38000          282304            2812 0.003 decreasing list
M1      39000          290324            2859 0.003 decreasing list
M1      40000          298432            2988 0.003 decreasing list
M1      41000          307380            3042 0.003 decreasing list
M1      42000          314448            3135 0.003 decreasing list
M1      43000          322468            3206 0.003 decreasing list
M1      44000          330416            3371 0.004 decreasing list
M1      45000          339340            3212 0.003 decreasing list
M1      46000          347360            3436 0.003 decreasing list
M1      47000          356252            3343 0.003 decreasing list
M1      48000          365248            3588 0.004 decreasing list
M1      49000          375076            3665 0.004 decreasing list
M1      50000          382512            5796 0.006 decreasing list
