Q2       1000           10812             243 0.000 decreasing list
Q2       2000           26361             596 0.001 decreasing list
Q2       3000           38093            1183 0.001 decreasing list
Q2       4000           52639            1061 0.001 decreasing list
Q2       5000           75059            1542 0.002 decreasing list
Q2       6000           88655            2249 0.002 decreasing list
Q2       7000          100739            1965 0.002 decreasing list
Q2       8000          121665            2399 0.002 decreasing list
Q2       9000          142288            2604 0.003 decreasing list
Q2      10000          160895            3029 0.003 decreasing list
Q2      11000          172611            3200 0.003 decreasing list
Q2      12000          190155            3700 0.004 decreasing list
Q2      13000          200679            3702 0.004 decreasing list
Q2      14000          225746            4098 0.004 decreasing list
Q2      15000          249474            4738 0.005 decreasing list
Q2      16000          257842            4712 0.005 decreasing list
Q2      17000          277435            5174 0.005 decreasing list
Q2      18000          293527            5566 0.006 decreasing list
Q2      19000          327700            5775 0.006 decreasing list
Q2      20000          330579            5973 0.006 decreasing list
Q2      21000          366777            6456 0.006 decreasing list
Q2      22000          389383            7846 0.008 decreasing list
Q2      23000          387137            7286 0.007 decreasing list
Q2      24000          404769            7401 0.007 decreasing list
Q2      25000          448419            7964 0.008 decreasing list
Q2      26000          450483            8076 0.008 decreasing list
Q2      27000          450911            8097 0.008 decreasing list
Q2      28000          497217            8799 0.009 decreasing list
Q2      29000          486859            9101 0.009 decreasing list
Q2      30000          524293            9629 0.010 decreasing list
Q2      31000          550536           10026 0.010 decreasing list
Q2      32000          575903           10556 0.011 decreasing list
Q2      33000          598504           11295 0.011 decreasing list
Q2      34000          616815           10818 0.011 decreasing list
Q2      35000          610438           12093 0.012 decreasing list
Q2      36000          644943           11384 0.011 decreasing list
Q2      37000          674084           11686 0.012 decreasing list
Q2      38000          687941           12809 0.013 decreasing list
Q2      39000          703872           13437 0.013 decreasing list
Q2      40000          728382           13747 0.014 decreasing list
Q2      41000          772816           13449 0.013 decreasing list
Q2      42000          748578           13891 0.014 decreasing list
Q2      43000          870035           14863 0.015 decreasing list
Q2      44000          774998           15178 0.015 decreasing list
Q2      45000          837938           14411 0.014 decreasing list
Q2      46000          816923           15768 0.016 decreasing list
Q2      47000          857532           14808 0.015 decreasing list
Q2      48000          876722           16565 0.017 decreasing list
Q2      49000          921692           15939 0.016 decreasing list
Q2      50000          909572           16865 0.017 decreasing list
