S1       1000          501500            4489 0.004 random list
S1       2000         2003000           15756 0.016 random list
S1       3000         4504500           31313 0.031 random list
S1       4000         8006000           54222 0.054 random list
S1       5000        12507500           83828 0.084 random list
S1       6000        18009000          118277 0.118 random list
S1       7000        24510500          161335 0.161 random list
S1       8000        32012000          209548 0.210 random list
S1       9000        40513500          265146 0.265 random list
S1      10000        50015000          326738 0.327 random list
S1      11000        60516500          399504 0.400 random list
S1      12000        72018000          476438 0.476 random list
S1      13000        84519500          555339 0.555 random list
S1      14000        98021000          641836 0.642 random list
S1      15000       112522500          736501 0.737 random list
S1      16000       128024000          847496 0.847 random list
S1      17000       144525500          946269 0.946 random list
S1      18000       162027000         1061887 1.062 random list
S1      19000       180528500         1182082 1.182 random list
S1      20000       200030000         1299422 1.299 random list
S1      21000       220531500         1435608 1.436 random list
S1      22000       242033000         1582964 1.583 random list
S1      23000       264534500         1727442 1.727 random list
S1      24000       288036000         1882262 1.882 random list
S1      25000       312537500         2032958 2.033 random list
S1      26000       338039000         2208645 2.209 random list
S1      27000       364540500         2381261 2.381 random list
S1      28000       392042000         2563180 2.563 random list
S1      29000       420543500         2746307 2.746 random list
S1      30000       450045000         2945287 2.945 random list
S1      31000       480546500         3141159 3.141 random list
S1      32000       512048000         3343713 3.344 random list
S1      33000       544549500         3561281 3.561 random list
S1      34000       578051000         3779568 3.780 random list
S1      35000       612552500         4033574 4.034 random list
S1      36000       648054000         4254626 4.255 random list
S1      37000       684555500         4439993 4.440 random list
S1      38000       722057000         4734968 4.735 random list
S1      39000       760558500         4993299 4.993 random list
S1      40000       800060000         5279787 5.280 random list
S1      41000       840561500         5521945 5.522 random list
S1      42000       882063000         5781186 5.781 random list
S1      43000       924564500         6038943 6.039 random list
S1      44000       968066000         6864576 6.865 random list
S1      45000      1012567500         6624518 6.625 random list
S1      46000      1058069000         6839827 6.840 random list
S1      47000      1104570500         7218896 7.219 random list
S1      48000      1152072000         7552168 7.552 random list
S1      49000      1200573500         7796005 7.796 random list
S1      50000      1250075000         8089506 8.090 random list
