H1       1000           12150             377 0.000 random list
H1       2000           27300             955 0.001 random list
H1       3000           43539            1431 0.001 random list
H1       4000           60430            1999 0.002 random list
H1       5000           78163            2600 0.003 random list
H1       6000           96199            2811 0.003 random list
H1       7000          114422            3027 0.003 random list
H1       8000          133407            3543 0.004 random list
H1       9000          152099            3758 0.004 random list
H1      10000          171338            3776 0.004 random list
H1      11000          190605            4352 0.004 random list
H1      12000          210273            4540 0.005 random list
H1      13000          229899            4973 0.005 random list
H1      14000          249903            5547 0.006 random list
H1      15000          270005            7136 0.007 random list
H1      16000          290606            6493 0.006 random list
H1      17000          310859            6702 0.007 random list
H1      18000          331096            7290 0.007 random list
H1      19000          351628            8404 0.008 random list
H1      20000          372354            8002 0.008 random list
H1      21000          393128            8628 0.009 random list
H1      22000          413955            9408 0.009 random list
H1      23000          434944            9403 0.009 random list
H1      24000          456207           10044 0.010 random list
H1      25000          477445           12102 0.012 random list
H1      26000          498767           10792 0.011 random list
H1      27000          520304           11412 0.011 random list
H1      28000          541642           12942 0.013 random list
H1      29000          563396           12135 0.012 random list
H1      30000          584997           13419 0.013 random list
H1      31000          607129           13075 0.013 random list
H1      32000          628733           14147 0.014 random list
H1      33000          651388           14496 0.014 random list
H1      34000          672891           15581 0.016 random list
H1      35000          694372           15112 0.015 random list
H1      36000          716023           15922 0.016 random list
H1      37000          738117           16245 0.016 random list
H1      38000          760514           17926 0.018 random list
H1      39000          782260           16865 0.017 random list
H1      40000          804620           18273 0.018 random list
H1      41000          827302           17954 0.018 random list
H1      42000          849169           18340 0.018 random list
H1      43000          871415           20413 0.020 random list
H1      44000          893945           19330 0.019 random list
H1      45000          916783           21560 0.022 random list
H1      46000          939057           21103 0.021 random list
H1      47000          961693           21753 0.022 random list
H1      48000          984690           22193 0.022 random list
H1      49000         1008156           24393 0.024 random list
H1      50000         1030302           23392 0.023 random list
