H1       1000           13145             259 0.000 increasing list
H1       2000           29237             544 0.001 increasing list
H1       3000           46674             860 0.001 increasing list
H1       4000           64975            1086 0.001 increasing list
H1       5000           83378            1371 0.001 increasing list
H1       6000          102681            1669 0.002 increasing list
H1       7000          122159            2026 0.002 increasing list
H1       8000          142372            2644 0.003 increasing list
H1       9000          161875            2968 0.003 increasing list
H1      10000          181945            2881 0.003 increasing list
H1      11000          202197            3543 0.004 increasing list
H1      12000          223193            3626 0.004 increasing list
H1      13000          243744            4054 0.004 increasing list
H1      14000          264712            4126 0.004 increasing list
H1      15000          285979            4469 0.004 increasing list
H1      16000          307909            4789 0.005 increasing list
H1      17000          328893            5183 0.005 increasing list
H1      18000          349714            6073 0.006 increasing list
H1      19000          370930            5683 0.006 increasing list
H1      20000          392721            6922 0.007 increasing list
H1      21000          414471            7532 0.008 increasing list
H1      22000          436136            7402 0.007 increasing list
H1      23000          458322            6972 0.007 increasing list
H1      24000          481013            7330 0.007 increasing list
H1      25000          503298            9527 0.010 increasing list
H1      26000          524961            8532 0.009 increasing list
H1      27000          547221            8269 0.008 increasing list
H1      28000          569734            8625 0.009 increasing list
H1      29000          592677            9359 0.009 increasing list
H1      30000          615189            9303 0.009 increasing list
H1      31000          638420            9596 0.010 increasing list
H1      32000          661941           11226 0.011 increasing list
H1      33000          685536           10261 0.010 increasing list
H1      34000          707107           10563 0.011 increasing list
H1      35000          729491           11818 0.012 increasing list
H1      36000          752034           11261 0.011 increasing list
H1      37000          775293           11705 0.012 increasing list
H1      38000          797803           12269 0.012 increasing list
H1      39000          821171           12230 0.012 increasing list
H1      40000          844690           13045 0.013 increasing list
H1      41000          869028           12886 0.013 increasing list
H1      42000          891473           13581 0.014 increasing list
H1      43000          914875           13643 0.014 increasing list
H1      44000          938201           14568 0.015 increasing list
H1      45000          962482           14585 0.015 increasing list
H1      46000          985888           15159 0.015 increasing list
H1      47000         1010141           15271 0.015 increasing list
H1      48000         1034488           16206 0.016 increasing list
H1      49000         1059731           15605 0.016 increasing list
H1      50000         1082517           17319 0.017 increasing list
