M1       1000            8718             216 0.000 random list
M1       2000           19402             459 0.000 random list
M1       3000           30898             724 0.001 random list
M1       4000           42802             992 0.001 random list
M1       5000           55244            1265 0.001 random list
M1       6000           67856            1352 0.002 random list
M1       7000           80705            1384 0.002 random list
M1       8000           93676            1469 0.001 random list
M1       9000          106913            1480 0.001 random list
M1      10000          120474            1581 0.002 random list
M1      11000          133935            1762 0.002 random list
M1      12000          147646            2288 0.002 random list
M1      13000          161446            2347 0.003 random list
M1      14000          175394            2492 0.003 random list
M1      15000          189247            2591 0.003 random list
M1      16000          203293            2520 0.003 random list
M1      17000          217474            2854 0.003 random list
M1      18000          231865            3058 0.003 random list
M1      19000          246425            3147 0.003 random list
M1      20000          260978            3391 0.003 random list
M1      21000          275437            3551 0.004 random list
M1      22000          290055            3718 0.005 random list
M1      23000          304768            3889 0.004 random list
M1      24000          319369            4046 0.004 random list
M1      25000          334026            4352 0.004 random list
M1      26000          348902            4548 0.005 random list
M1      27000          363806            4600 0.006 random list
M1      28000          378780            4736 0.005 random list
M1      29000          393626            5111 0.005 random list
M1      30000          408568            5208 0.005 random list
M1      31000          423503            5478 0.005 random list
M1      32000          438560            5842 0.006 random list
M1      33000          453750            5850 0.006 random list
M1      34000          469053            5814 0.006 random list
M1      35000          484473            5945 0.006 random list
M1      36000          499740            6741 0.007 random list
M1      37000          515330            6754 0.007 random list
M1      38000          530752            6884 0.007 random list
M1      39000          546205            7069 0.007 random list
M1      40000          561826            7229 0.009 random list
M1      41000          577304            7385 0.007 random list
M1      42000          592948            7541 0.007 random list
M1      43000          608596            8177 0.008 random list
M1      44000          624066            8241 0.008 random list
M1      45000          639763            8153 0.008 random list
M1      46000          655492            8869 0.009 random list
M1      47000          670940            9452 0.009 random list
M1      48000          686555            9712 0.009 random list
M1      49000          702192           10145 0.010 random list
M1      50000          718214           17889 0.018 random list
