Q1       1000           11655             320 0.000 random list
Q1       2000           25424             695 0.001 random list
Q1       3000           41419             869 0.001 random list
Q1       4000           56404            1175 0.001 random list
Q1       5000           75558            1529 0.002 random list
Q1       6000           87553            1767 0.002 random list
Q1       7000          107975            1468 0.001 random list
Q1       8000          129027            1505 0.002 random list
Q1       9000          144801            1705 0.002 random list
Q1      10000          162782            1855 0.002 random list
Q1      11000          185189            2232 0.002 random list
Q1      12000          192122            2619 0.003 random list
Q1      13000          202668            2879 0.003 random list
Q1      14000          230619            2813 0.003 random list
Q1      15000          265838            3048 0.003 random list
Q1      16000          284262            3986 0.004 random list
Q1      17000          292231            3369 0.003 random list
Q1      18000          338378            3764 0.004 random list
Q1      19000          349898            3841 0.004 random list
Q1      20000          358866            4306 0.004 random list
Q1      21000          363936            4776 0.005 random list
Q1      22000          406096            4258 0.004 random list
Q1      23000          418236            4669 0.005 random list
Q1      24000          423485            4887 0.005 random list
Q1      25000          449913            5117 0.005 random list
Q1      26000          490668            6362 0.006 random list
Q1      27000          486881            5334 0.005 random list
Q1      28000          509285            5829 0.006 random list
Q1      29000          534839            6048 0.006 random list
Q1      30000          569554            6554 0.007 random list
Q1      31000          564622            7005 0.007 random list
Q1      32000          613313            6330 0.006 random list
Q1      33000          648134            7276 0.007 random list
Q1      34000          635321            7749 0.008 random list
Q1      35000          656438            6895 0.007 random list
Q1      36000          700282            7301 0.007 random list
Q1      37000          701530            7755 0.008 random list
Q1      38000          726462            9457 0.009 random list
Q1      39000          700897            8150 0.008 random list
Q1      40000          745330            7848 0.008 random list
Q1      41000          792716            9492 0.009 random list
Q1      42000          799987            8322 0.008 random list
Q1      43000          817606            9119 0.009 random list
Q1      44000          850324           10330 0.010 random list
Q1      45000          862101            8958 0.009 random list
Q1      46000          958527           10089 0.010 random list
Q1      47000         1021551           12121 0.012 random list
Q1      48000          921560           10300 0.010 random list
Q1      49000         1069960           12076 0.012 random list
Q1      50000          987406           11118 0.011 random list
