Q3       1000            8879             287 0.000 random list
Q3       2000           20571             615 0.001 random list
Q3       3000           32516             956 0.001 random list
Q3       4000           47013            1350 0.001 random list
Q3       5000           60174            1673 0.002 random list
Q3       6000           73490            2127 0.002 random list
Q3       7000           88862            2791 0.003 random list
Q3       8000          101443            2848 0.003 random list
Q3       9000          116653            3250 0.003 random list
Q3      10000          138416            4016 0.004 random list
Q3      11000          149219            4452 0.004 random list
Q3      12000          165055            4568 0.005 random list
Q3      13000          178967            4781 0.005 random list
Q3      14000          198847            5315 0.005 random list
Q3      15000          204475            5759 0.006 random list
Q3      16000          219624            6927 0.007 random list
Q3      17000          234318            6383 0.006 random list
Q3      18000          255104            7117 0.007 random list
Q3      19000          269695            7406 0.007 random list
Q3      20000          296449            8089 0.008 random list
Q3      21000          300664            8084 0.008 random list
Q3      22000          328143            8856 0.009 random list
Q3      23000          327058           11466 0.011 random list
Q3      24000          351354            9548 0.010 random list
Q3      25000          360470            9823 0.010 random list
Q3      26000          390970           10845 0.011 random list
Q3      27000          402980           10903 0.011 random list
Q3      28000          415903           10947 0.011 random list
Q3      29000          428733           12021 0.012 random list
Q3      30000          465438           12421 0.012 random list
Q3      31000          481024           13226 0.013 random list
Q3      32000          478693           13049 0.013 random list
Q3      33000          497169           14552 0.015 random list
Q3      34000          521354           13617 0.014 random list
Q3      35000          544603           14807 0.015 random list
Q3      36000          565005           14845 0.015 random list
Q3      37000          561784           16232 0.016 random list
Q3      38000          610942           15356 0.015 random list
Q3      39000          622538           17688 0.018 random list
Q3      40000          636684           16772 0.017 random list
Q3      41000          654064           17295 0.017 random list
Q3      42000          655949           18716 0.019 random list
Q3      43000          665263           17859 0.018 random list
Q3      44000          696790           19994 0.020 random list
Q3      45000          716028           19784 0.020 random list
Q3      46000          758935           23934 0.024 random list
Q3      47000          793915           19986 0.020 random list
Q3      48000          789332           21101 0.021 random list
Q3      49000          769204           21126 0.021 random list
Q3      50000          802841           20997 0.021 random list
