M1       1000            8696             188 0.000 random list
M1       2000           19413             402 0.000 random list
M1       3000           30867             604 0.001 random list
M1       4000           42805             654 0.001 random list
M1       5000           55224             716 0.001 random list
M1       6000           67774             839 0.001 random list
M1       7000           80712             954 0.001 random list
M1       8000           93656            1097 0.001 random list
M1       9000          107010            1423 0.001 random list
M1      10000          120518            1826 0.002 random list
M1      11000          134046            1736 0.002 random list
M1      12000          147564            1884 0.002 random list
M1      13000          161557            1932 0.002 random list
M1      14000          175344            2032 0.002 random list
M1      15000          189282            3119 0.003 random list
M1      16000          203249            3121 0.003 random list
M1      17000          217541            2730 0.003 random list
M1      18000          231967            2808 0.003 random list
M1      19000          246386            2902 0.003 random list
M1      20000          261012            3038 0.003 random list
M1      21000          275372            3380 0.003 random list
M1      22000          290016            3495 0.003 random list
M1      23000          304651            5261 0.005 random list
M1      24000          319184            3935 0.004 random list
M1      25000          334119            3874 0.004 random list
M1      26000          349098            4074 0.004 random list
M1      27000          363854            4413 0.004 random list
M1      28000          378684            4503 0.005 random list
M1      29000          393717            6607 0.007 random list
M1      30000          408573            4804 0.005 random list
M1      31000          423538            5471 0.005 random list
M1      32000          438544            5758 0.006 random list
M1      33000          453553            6443 0.006 random list
M1      34000          469140            6192 0.006 random list
M1      35000          484405            6295 0.006 random list
M1      36000          500023            6203 0.006 random list
M1      37000          515541            7426 0.007 random list
M1      38000          530923            7331 0.007 random list
M1      39000          546315            6817 0.007 random list
M1      40000          561973            6986 0.007 random list
M1      41000          577299            9921 0.010 random list
M1      42000          592862            7632 0.008 random list
M1      43000          608488            7471 0.007 random list
M1      44000          624142            9402 0.009 random list
M1      45000          639731            7390 0.007 random list
M1      46000          655430            8313 0.008 random list
M1      47000          671096            9759 0.010 random list
M1      48000          686631            8081 0.008 random list
M1      49000          702413            8487 0.008 random list
M1      50000          718269           26806 0.027 random list
