I1       1000          500499            4858 0.005 decreasing list
I1       2000         2000999           16385 0.016 decreasing list
I1       3000         4501499           21318 0.021 decreasing list
I1       4000         8001999           31143 0.031 decreasing list
I1       5000        12502499           47938 0.048 decreasing list
I1       6000        18002999           70640 0.071 decreasing list
I1       7000        24503499           89513 0.090 decreasing list
I1       8000        32003999          118806 0.119 decreasing list
I1       9000        40504499          147387 0.147 decreasing list
I1      10000        50004999          182469 0.182 decreasing list
I1      11000        60505499          220578 0.221 decreasing list
I1      12000        72005999          261287 0.261 decreasing list
I1      13000        84506499          325669 0.326 decreasing list
I1      14000        98006999          366582 0.367 decreasing list
I1      15000       112507499          408206 0.408 decreasing list
I1      16000       128007999          473789 0.474 decreasing list
I1      17000       144508499          552706 0.553 decreasing list
I1      18000       162008999          605154 0.605 decreasing list
I1      19000       180509499          699747 0.700 decreasing list
I1      20000       200009999          747770 0.748 decreasing list
I1      21000       220510499          810407 0.810 decreasing list
I1      22000       242010999          980489 0.980 decreasing list
I1      23000       264511499          988676 0.989 decreasing list
I1      24000       288011999         1083014 1.083 decreasing list
I1      25000       312512499         1165005 1.165 decreasing list
I1      26000       338012999         1299190 1.299 decreasing list
I1      27000       364513499         1310276 1.310 decreasing list
I1      28000       392013999         1418663 1.419 decreasing list
I1      29000       420514499         1557758 1.558 decreasing list
I1      30000       450014999         1960005 1.960 decreasing list
I1      31000       480515499         1885386 1.885 decreasing list
I1      32000       512015999         1824854 1.825 decreasing list
I1      33000       544516499         1947879 1.948 decreasing list
I1      34000       578016999         2064352 2.064 decreasing list
I1      35000       612517499         2182853 2.183 decreasing list
I1      36000       648017999         2323660 2.324 decreasing list
I1      37000       684518499         2457746 2.458 decreasing list
I1      38000       722018999         2581025 2.581 decreasing list
I1      39000       760519499         2736610 2.737 decreasing list
I1      40000       800019999         2938326 2.938 decreasing list
I1      41000       840520499         3006390 3.006 decreasing list
I1      42000       882020999         3157278 3.157 decreasing list
I1      43000       924521499         3483601 3.484 decreasing list
I1      44000       968021999         3655916 3.656 decreasing list
I1      45000      1012522499         3803036 3.803 decreasing list
I1      46000      1058022999         4241415 4.241 decreasing list
I1      47000      1104523499         4084933 4.085 decreasing list
I1      48000      1152023999         4340414 4.340 decreasing list
I1      49000      1200524499         4424099 4.424 decreasing list
I1      50000      1250024999         4524124 4.524 decreasing list
