H1       1000           10766             341 0.000 decreasing list
H1       2000           24696             728 0.001 decreasing list
H1       3000           39501            1138 0.001 decreasing list
H1       4000           55266            1559 0.002 decreasing list
H1       5000           71486            1824 0.002 decreasing list
H1       6000           88344            2600 0.003 decreasing list
H1       7000          104919            2446 0.002 decreasing list
H1       8000          122363            1888 0.002 decreasing list
H1       9000          140071            2001 0.002 decreasing list
H1      10000          157880            2252 0.002 decreasing list
H1      11000          175849            2508 0.003 decreasing list
H1      12000          194667            2772 0.003 decreasing list
H1      13000          212850            2811 0.003 decreasing list
H1      14000          231516            3132 0.003 decreasing list
H1      15000          250425            3008 0.003 decreasing list
H1      16000          269886            2971 0.003 decreasing list
H1      17000          288694            2511 0.003 decreasing list
H1      18000          308575            2656 0.003 decreasing list
H1      19000          328194            2817 0.003 decreasing list
H1      20000          347683            2978 0.003 decreasing list
H1      21000          367935            3160 0.003 decreasing list
H1      22000          386781            3279 0.003 decreasing list
H1      23000          408344            4068 0.004 decreasing list
H1      24000          428046            4085 0.004 decreasing list
H1      25000          449336            3483 0.003 decreasing list
H1      26000          467735            4067 0.004 decreasing list
H1      27000          488314            3890 0.004 decreasing list
H1      28000          507869            4114 0.004 decreasing list
H1      29000          529162            4033 0.004 decreasing list
H1      30000          548510            5814 0.006 decreasing list
H1      31000          571134            5177 0.005 decreasing list
H1      32000          590091            4922 0.005 decreasing list
H1      33000          611912            5094 0.005 decreasing list
H1      34000          630414            4937 0.005 decreasing list
H1      35000          651985            6269 0.006 decreasing list
H1      36000          671044            6148 0.006 decreasing list
H1      37000          694254            5778 0.006 decreasing list
H1      38000          711854            5947 0.006 decreasing list
H1      39000          734189            6094 0.006 decreasing list
H1      40000          754104            8594 0.009 decreasing list
H1      41000          777220            6470 0.006 decreasing list
H1      42000          794904            6569 0.007 decreasing list
H1      43000          817267            6754 0.007 decreasing list
H1      44000          836047            8983 0.009 decreasing list
H1      45000          859669            7207 0.007 decreasing list
H1      46000          878663            7046 0.007 decreasing list
H1      47000          902575            7639 0.008 decreasing list
H1      48000          922731            9143 0.009 decreasing list
H1      49000          946998            6998 0.007 decreasing list
H1      50000          964963            8189 0.008 decreasing list
