I1       1000             999              18 0.000 increasing list
I1       2000            1999              34 0.000 increasing list
I1       3000            2999              49 0.000 increasing list
I1       4000            3999              66 0.000 increasing list
I1       5000            4999              81 0.000 increasing list
I1       6000            5999              98 0.000 increasing list
I1       7000            6999             113 0.000 increasing list
I1       8000            7999             120 0.000 increasing list
I1       9000            8999             131 0.000 increasing list
I1      10000            9999             144 0.000 increasing list
I1      11000           10999             159 0.000 increasing list
I1      12000           11999             171 0.000 increasing list
I1      13000           12999             179 0.000 increasing list
I1      14000           13999             185 0.000 increasing list
I1      15000           14999             194 0.000 increasing list
I1      16000           15999             209 0.000 increasing list
I1      17000           16999             218 0.000 increasing list
I1      18000           17999             227 0.000 increasing list
I1      19000           18999             234 0.000 increasing list
I1      20000           19999             240 0.000 increasing list
I1      21000           20999             252 0.000 increasing list
I1      22000           21999             257 0.000 increasing list
I1      23000           22999             268 0.000 increasing list
I1      24000           23999             274 0.000 increasing list
I1      25000           24999             283 0.000 increasing list
I1      26000           25999             287 0.000 increasing list
I1      27000           26999             299 0.000 increasing list
I1      28000           27999             279 0.000 increasing list
I1      29000           28999             269 0.000 increasing list
I1      30000           29999             277 0.000 increasing list
I1      31000           30999             268 0.000 increasing list
I1      32000           31999             276 0.000 increasing list
I1      33000           32999             285 0.000 increasing list
I1      34000           33999             293 0.000 increasing list
I1      35000           34999             302 0.000 increasing list
I1      36000           35999             292 0.000 increasing list
I1      37000           36999             299 0.000 increasing list
I1      38000           37999             326 0.000 increasing list
I1      39000           38999             316 0.000 increasing list
I1      40000           39999             324 0.000 increasing list
I1      41000           40999             402 0.000 increasing list
I1      42000           41999             232 0.000 increasing list
I1      43000           42999             404 0.000 increasing list
I1      44000           43999             282 0.000 increasing list
I1      45000           44999             243 0.000 increasing list
I1      46000           45999             248 0.000 increasing list
I1      47000           46999             254 0.000 increasing list
I1      48000           47999             259 0.000 increasing list
I1      49000           48999             264 0.000 increasing list
I1      50000           49999             606 0.001 increasing list
