Q3       1000           85387            1556 0.002 decreasing list
Q3       2000          336886            6402 0.006 decreasing list
Q3       3000          760074           12367 0.012 decreasing list
Q3       4000         1339885           17577 0.018 decreasing list
Q3       5000         2106637           27204 0.027 decreasing list
Q3       6000         3014573           38056 0.038 decreasing list
Q3       7000         4125074           51532 0.052 decreasing list
Q3       8000         5345884           67805 0.068 decreasing list
Q3       9000         6815387           85539 0.086 decreasing list
Q3      10000         8364136          103352 0.103 decreasing list
Q3      11000        10177574          125699 0.126 decreasing list
Q3      12000        12023572          148134 0.148 decreasing list
Q3      13000        14211637          175388 0.175 decreasing list
Q3      14000        16385573          202780 0.203 decreasing list
Q3      15000        18917574          232037 0.232 decreasing list
Q3      16000        21357883          262045 0.262 decreasing list
Q3      17000        24295387          296409 0.296 decreasing list
Q3      18000        27078886          330735 0.331 decreasing list
Q3      19000        30345074          370795 0.371 decreasing list
Q3      20000        33379135          417496 0.417 decreasing list
Q3      21000        37066637          458636 0.459 decreasing list
Q3      22000        40444073          527352 0.527 decreasing list
Q3      23000        44460074          552980 0.553 decreasing list
Q3      24000        48041571          589836 0.590 decreasing list
Q3      25000        52525387          640474 0.640 decreasing list
Q3      26000        56481136          693554 0.694 decreasing list
Q3      27000        61262574          758459 0.758 decreasing list
Q3      28000        65406572          811847 0.812 decreasing list
Q3      29000        70671637          899250 0.899 decreasing list
Q3      30000        75190073          968837 0.969 decreasing list
Q3      31000        80752574          994305 0.994 decreasing list
Q3      32000        85381882         1046891 1.047 decreasing list
Q3      33000        91505387         1132072 1.132 decreasing list
Q3      34000        96570886         1200460 1.200 decreasing list
Q3      35000       102930074         1268151 1.268 decreasing list
Q3      36000       108105885         1329166 1.329 decreasing list
Q3      37000       115026637         1416598 1.417 decreasing list
Q3      38000       120623573         1488191 1.488 decreasing list
Q3      39000       127795074         1569285 1.569 decreasing list
Q3      40000       133409134         1638339 1.638 decreasing list
Q3      41000       141235387         1735948 1.736 decreasing list
Q3      42000       147348136         1813907 1.814 decreasing list
Q3      43000       155347574         1913662 1.914 decreasing list
Q3      44000       161477072         1984238 1.984 decreasing list
Q3      45000       170131637         2090206 2.090 decreasing list
Q3      46000       176744573         2191705 2.192 decreasing list
Q3      47000       185587574         2303739 2.304 decreasing list
Q3      48000       192077570         2372199 2.372 decreasing list
Q3      49000       201715387         2493138 2.493 decreasing list
Q3      50000       208812886         2597606 2.598 decreasing list
