R1       1000               0             391 0.000 decreasing list
R1       2000               0            1043 0.001 decreasing list
R1       3000               0            1540 0.002 decreasing list
R1       4000               0            2047 0.002 decreasing list
R1       5000               0            2327 0.002 decreasing list
R1       6000               0            3338 0.003 decreasing list
R1       7000               0            3218 0.003 decreasing list
R1       8000               0            3476 0.003 decreasing list
R1       9000               0            4480 0.004 decreasing list
R1      10000               0            4697 0.005 decreasing list
R1      11000               0            6407 0.006 decreasing list
R1      12000               0            7646 0.008 decreasing list
R1      13000               0            7137 0.007 decreasing list
R1      14000               0            7950 0.008 decreasing list
R1      15000               0            8581 0.009 decreasing list
R1      16000               0            8785 0.009 decreasing list
R1      17000               0            9828 0.010 decreasing list
R1      18000               0            9859 0.010 decreasing list
R1      19000               0           10378 0.010 decreasing list
R1      20000               0           11326 0.011 decreasing list
R1      21000               0           11557 0.012 decreasing list
R1      22000               0           11829 0.012 decreasing list
R1      23000               0           13070 0.013 decreasing list
R1      24000               0           13136 0.013 decreasing list
R1      25000               0           14697 0.015 decreasing list
R1      26000               0           14091 0.014 decreasing list
R1      27000               0           15351 0.015 decreasing list
R1      28000               0           15133 0.015 decreasing list
R1      29000               0           16042 0.016 decreasing list
R1      30000               0           16205 0.016 decreasing list
R1      31000               0           18149 0.018 decreasing list
R1      32000               0           17323 0.017 decreasing list
R1      33000               0           19705 0.020 decreasing list
R1      34000               0           19241 0.019 decreasing list
R1      35000               0           19113 0.019 decreasing list
R1      36000               0           21503 0.022 decreasing list
R1      37000               0           21557 0.022 decreasing list
R1      38000               0           20360 0.020 decreasing list
R1      39000               0           22406 0.022 decreasing list
R1      40000               0           22984 0.023 decreasing list
R1      41000               0           22441 0.022 decreasing list
R1      42000               0           23024 0.023 decreasing list
R1      43000               0           24910 0.025 decreasing list
R1      44000               0           25120 0.025 decreasing list
R1      45000               0           25364 0.025 decreasing list
R1      46000               0           25028 0.025 decreasing list
R1      47000               0           27352 0.027 decreasing list
R1      48000               0           27586 0.028 decreasing list
R1      49000               0           27702 0.028 decreasing list
R1      50000               0           28430 0.028 decreasing list
