S1       1000          501500            4273 0.004 increasing list
S1       2000         2003000           14226 0.014 increasing list
S1       3000         4504500           31518 0.032 increasing list
S1       4000         8006000           52616 0.053 increasing list
S1       5000        12507500           81464 0.081 increasing list
S1       6000        18009000          115096 0.115 increasing list
S1       7000        24510500          156011 0.156 increasing list
S1       8000        32012000          203876 0.204 increasing list
S1       9000        40513500          258254 0.258 increasing list
S1      10000        50015000          318486 0.318 increasing list
S1      11000        60516500          385308 0.385 increasing list
S1      12000        72018000          466211 0.466 increasing list
S1      13000        84519500          539916 0.540 increasing list
S1      14000        98021000          624931 0.625 increasing list
S1      15000       112522500          716671 0.717 increasing list
S1      16000       128024000          811103 0.811 increasing list
S1      17000       144525500          926180 0.926 increasing list
S1      18000       162027000         1047689 1.048 increasing list
S1      19000       180528500         1181305 1.181 increasing list
S1      20000       200030000         1294881 1.295 increasing list
S1      21000       220531500         1410345 1.410 increasing list
S1      22000       242033000         1555428 1.555 increasing list
S1      23000       264534500         1696656 1.697 increasing list
S1      24000       288036000         1849941 1.850 increasing list
S1      25000       312537500         2013385 2.013 increasing list
S1      26000       338039000         2170196 2.170 increasing list
S1      27000       364540500         2330147 2.330 increasing list
S1      28000       392042000         2492140 2.492 increasing list
S1      29000       420543500         2672968 2.673 increasing list
S1      30000       450045000         2860367 2.860 increasing list
S1      31000       480546500         3049686 3.050 increasing list
S1      32000       512048000         3244477 3.244 increasing list
S1      33000       544549500         3452154 3.452 increasing list
S1      34000       578051000         3665931 3.666 increasing list
S1      35000       612552500         3881810 3.882 increasing list
S1      36000       648054000         4110181 4.110 increasing list
S1      37000       684555500         4334554 4.335 increasing list
S1      38000       722057000         4576706 4.577 increasing list
S1      39000       760558500         4817086 4.817 increasing list
S1      40000       800060000         5071921 5.072 increasing list
S1      41000       840561500         5330908 5.331 increasing list
S1      42000       882063000         5599995 5.600 increasing list
S1      43000       924564500         5870248 5.870 increasing list
S1      44000       968066000         6144026 6.144 increasing list
S1      45000      1012567500         6428999 6.429 increasing list
S1      46000      1058069000         6718120 6.718 increasing list
S1      47000      1104570500         7007794 7.008 increasing list
S1      48000      1152072000         7348443 7.348 increasing list
S1      49000      1200573500         7670697 7.671 increasing list
S1      50000      1250075000         8006368 8.006 increasing list
