B1       1000            2990             171 0.000 decreasing list
B1       2000            5990             335 0.000 decreasing list
B1       3000            8990             558 0.001 decreasing list
B1       4000           11990            1047 0.001 decreasing list
B1       5000           14990             982 0.001 decreasing list
B1       6000           17990            1370 0.001 decreasing list
B1       7000           20990            1301 0.001 decreasing list
B1       8000           23990            1054 0.001 decreasing list
B1       9000           26990            1029 0.001 decreasing list
B1      10000           29990            1236 0.001 decreasing list
B1      11000           32990            1285 0.001 decreasing list
B1      12000           35990            2267 0.002 decreasing list
B1      13000           38990            1873 0.002 decreasing list
B1      14000           41990            2150 0.002 decreasing list
B1      15000           44990            1734 0.002 decreasing list
B1      16000           47990            1906 0.002 decreasing list
B1      17000           50990            3214 0.003 decreasing list
B1      18000           53990            2317 0.002 decreasing list
B1      19000           56990            2382 0.002 decreasing list
B1      20000           59990            2501 0.003 decreasing list
B1      21000           62990            2629 0.003 decreasing list
B1      22000           65990            3117 0.003 decreasing list
B1      23000           68990            3480 0.003 decreasing list
B1      24000           71990            4433 0.004 decreasing list
B1      25000           74990            3483 0.003 decreasing list
B1      26000           77990            3258 0.003 decreasing list
B1      27000           80990            3360 0.003 decreasing list
B1      28000           83990            3798 0.004 decreasing list
B1      29000           86990            5574 0.006 decreasing list
B1      30000           89990            4967 0.005 decreasing list
B1      31000           92990            3855 0.004 decreasing list
B1      32000           95990            3996 0.004 decreasing list
B1      33000           98990            4421 0.004 decreasing list
B1      34000          101990            4219 0.004 decreasing list
B1      35000          104990            4832 0.005 decreasing list
B1      36000          107990            5508 0.006 decreasing list
B1      37000          110990            4592 0.005 decreasing list
B1      38000          113990            5017 0.005 decreasing list
B1      39000          116990            4956 0.005 decreasing list
B1      40000          119990            6053 0.006 decreasing list
B1      41000          122990            5990 0.006 decreasing list
B1      42000          125990            5271 0.005 decreasing list
B1      43000          128990            5299 0.005 decreasing list
B1      44000          131990            5498 0.005 decreasing list
B1      45000          134990            8422 0.008 decreasing list
B1      46000          137990            5756 0.006 decreasing list
B1      47000          140990            6012 0.006 decreasing list
B1      48000          143990            5987 0.006 decreasing list
B1      49000          146990            9025 0.009 decreasing list
B1      50000          149990            6267 0.006 decreasing list
