B1       1000           51500             896 0.001 increasing list
B1       2000          203000            3239 0.003 increasing list
B1       3000          454500            6875 0.007 increasing list
B1       4000          806000           10093 0.010 increasing list
B1       5000         1257500           14241 0.014 increasing list
B1       6000         1809000           17723 0.018 increasing list
B1       7000         2460500           25343 0.025 increasing list
B1       8000         3212000           32620 0.033 increasing list
B1       9000         4063500           40863 0.041 increasing list
B1      10000         5015000           50045 0.050 increasing list
B1      11000         6066500           61202 0.061 increasing list
B1      12000         7218000           70602 0.071 increasing list
B1      13000         8469500           82286 0.082 increasing list
B1      14000         9821000           96258 0.096 increasing list
B1      15000        11272500          109115 0.109 increasing list
B1      16000        12824000          122953 0.123 increasing list
B1      17000        14475500          139884 0.140 increasing list
B1      18000        16227000          155514 0.156 increasing list
B1      19000        18078500          171935 0.172 increasing list
B1      20000        20030000          190339 0.190 increasing list
B1      21000        22081500          209246 0.209 increasing list
B1      22000        24233000          229453 0.229 increasing list
B1      23000        26484500          250533 0.251 increasing list
B1      24000        28836000          272721 0.273 increasing list
B1      25000        31287500          296178 0.296 increasing list
B1      26000        33839000          319525 0.320 increasing list
B1      27000        36490500          344671 0.345 increasing list
B1      28000        39242000          370194 0.370 increasing list
B1      29000        42093500          396498 0.396 increasing list
B1      30000        45045000          424498 0.424 increasing list
B1      31000        48096500          453188 0.453 increasing list
B1      32000        51248000          482771 0.483 increasing list
B1      33000        54499500          517120 0.517 increasing list
B1      34000        57851000          553281 0.553 increasing list
B1      35000        61302500          577018 0.577 increasing list
B1      36000        64854000          611398 0.611 increasing list
B1      37000        68505500          643816 0.644 increasing list
B1      38000        72257000          678787 0.679 increasing list
B1      39000        76108500          714604 0.715 increasing list
B1      40000        80060000          768791 0.769 increasing list
B1      41000        84111500          804162 0.804 increasing list
B1      42000        88263000          832651 0.833 increasing list
B1      43000        92514500          880443 0.880 increasing list
B1      44000        96866000          913716 0.914 increasing list
B1      45000       101317500          953268 0.953 increasing list
B1      46000       105869000          995600 0.996 increasing list
B1      47000       110520500         1037580 1.038 increasing list
B1      48000       115272000         1085008 1.085 increasing list
B1      49000       120123500         1126820 1.127 increasing list
B1      50000       125075000         1174201 1.174 increasing list
