Q2       1000           10165             404 0.000 random list
Q2       2000           28517             887 0.001 random list
Q2       3000           45598            1408 0.001 random list
Q2       4000           59099            2512 0.003 random list
Q2       5000           74220            2338 0.002 random list
Q2       6000           84761            2442 0.002 random list
Q2       7000          103960            2631 0.003 random list
Q2       8000          119796            3143 0.003 random list
Q2       9000          133574            3532 0.004 random list
Q2      10000          153880            4236 0.004 random list
Q2      11000          167889            4264 0.004 random list
Q2      12000          193693            5281 0.005 random list
Q2      13000          209272            5254 0.005 random list
Q2      14000          225197            5535 0.006 random list
Q2      15000          244197            6757 0.007 random list
Q2      16000          253982            6469 0.006 random list
Q2      17000          279946            7046 0.007 random list
Q2      18000          282485            7353 0.007 random list
Q2      19000          308540            8492 0.008 random list
Q2      20000          341619            8498 0.008 random list
Q2      21000          354563            8658 0.009 random list
Q2      22000          370383            9480 0.009 random list
Q2      23000          402181            9593 0.010 random list
Q2      24000          416039           10238 0.010 random list
Q2      25000          427935           11476 0.011 random list
Q2      26000          535139           12346 0.012 random list
Q2      27000          472762           11569 0.012 random list
Q2      28000          497822           12116 0.012 random list
Q2      29000          529994           12799 0.013 random list
Q2      30000          580942           14360 0.014 random list
Q2      31000          547279           13577 0.014 random list
Q2      32000          558451           15244 0.015 random list
Q2      33000          627662           14660 0.015 random list
Q2      34000          621756           16081 0.016 random list
Q2      35000          642258           15003 0.015 random list
Q2      36000          632024           16632 0.017 random list
Q2      37000          678974           16177 0.016 random list
Q2      38000          666240           17417 0.017 random list
Q2      39000          694524           17408 0.017 random list
Q2      40000          728941           17807 0.018 random list
Q2      41000          714406           19003 0.019 random list
Q2      42000          797562           18881 0.019 random list
Q2      43000          806075           19752 0.020 random list
Q2      44000          812693           20825 0.021 random list
Q2      45000          825260           19704 0.020 random list
Q2      46000          833488           21507 0.022 random list
Q2      47000          836752           22283 0.022 random list
Q2      48000          861759           21615 0.022 random list
Q2      49000          935513           22179 0.022 random list
Q2      50000          941043           22709 0.023 random list
