Q2       1000           10445             220 0.000 increasing list
Q2       2000           23730             614 0.001 increasing list
Q2       3000           36532             932 0.001 increasing list
Q2       4000           55485            1081 0.001 increasing list
Q2       5000           69956            1417 0.001 increasing list
Q2       6000           86551            1565 0.002 increasing list
Q2       7000           98721            2032 0.002 increasing list
Q2       8000          134688            2288 0.002 increasing list
Q2       9000          145659            2559 0.003 increasing list
Q2      10000          157953            2807 0.003 increasing list
Q2      11000          166859            3250 0.003 increasing list
Q2      12000          183230            3582 0.004 increasing list
Q2      13000          205856            3703 0.004 increasing list
Q2      14000          217696            4003 0.004 increasing list
Q2      15000          244173            4291 0.004 increasing list
Q2      16000          250269            4396 0.004 increasing list
Q2      17000          279797            4786 0.005 increasing list
Q2      18000          284358            5547 0.006 increasing list
Q2      19000          326480            5807 0.006 increasing list
Q2      20000          344303            5994 0.006 increasing list
Q2      21000          350449            6018 0.006 increasing list
Q2      22000          379423            6697 0.007 increasing list
Q2      23000          396138            6810 0.007 increasing list
Q2      24000          397817            7144 0.007 increasing list
Q2      25000          421443            7145 0.007 increasing list
Q2      26000          495406            8445 0.008 increasing list
Q2      27000          460676            8253 0.008 increasing list
Q2      28000          486603            8892 0.009 increasing list
Q2      29000          526782            9300 0.009 increasing list
Q2      30000          517831            9140 0.009 increasing list
Q2      31000          552618            9814 0.010 increasing list
Q2      32000          544241            9280 0.009 increasing list
Q2      33000          578815           10667 0.011 increasing list
Q2      34000          676864           11226 0.011 increasing list
Q2      35000          635231           11577 0.012 increasing list
Q2      36000          625305           11321 0.011 increasing list
Q2      37000          663027           10842 0.011 increasing list
Q2      38000          675229           11646 0.012 increasing list
Q2      39000          726324           12337 0.012 increasing list
Q2      40000          737215           12860 0.013 increasing list
Q2      41000          733174           12675 0.013 increasing list
Q2      42000          747345           12661 0.013 increasing list
Q2      43000          788076           13758 0.014 increasing list
Q2      44000          775114           13429 0.013 increasing list
Q2      45000          822360           14472 0.014 increasing list
Q2      46000          874980           14938 0.015 increasing list
Q2      47000          968649           16248 0.016 increasing list
Q2      48000         1024209           17262 0.017 increasing list
Q2      49000          963010           17311 0.017 increasing list
Q2      50000          954112           15962 0.016 increasing list
